<?xml version="1.0" encoding="UTF-8"?>
<!-- Generated by org.testng.reporters.JUnitReportReporter -->
<testsuite hostname="LAPTOP-MKB27PE1" failures="0" tests="1" name="restassuredTest.Demo1_GET_Request" time="1.782" errors="0" timestamp="2023-04-08T01:27:52 IST" skipped="0">
  <testcase classname="restassuredTest.Demo1_GET_Request" name="getUserDetails" time="1.782"/>
  <system-out/>
</testsuite> <!-- restassuredTest.Demo1_GET_Request -->
