<?xml version="1.0" encoding="UTF-8"?>
<!-- Generated by org.testng.reporters.JUnitReportReporter -->
<testsuite hostname="LAPTOP-MKB27PE1" failures="0" tests="1" name="restassuredTest.Demo2_POST_Request" time="2.188" errors="0" timestamp="2023-04-08T13:20:20 IST" skipped="0">
  <testcase classname="restassuredTest.Demo2_POST_Request" name="testPost" time="2.188"/>
  <system-out/>
</testsuite> <!-- restassuredTest.Demo2_POST_Request -->
