<?xml version="1.0" encoding="UTF-8"?>
<!-- Generated by org.testng.reporters.JUnitReportReporter -->
<testsuite hostname="LAPTOP-MKB27PE1" failures="0" tests="1" name="restassuredTest.Demo5_BasicValidations_JSON" time="1.791" errors="0" timestamp="2023-04-29T09:33:14 IST" skipped="0">
  <testcase classname="restassuredTest.Demo5_BasicValidations_JSON" name="testParamsAndHeaders" time="1.791"/>
  <system-out/>
</testsuite> <!-- restassuredTest.Demo5_BasicValidations_JSON -->
