<?xml version="1.0" encoding="UTF-8"?>
<!-- Generated by org.testng.reporters.JUnitReportReporter -->
<testsuite hostname="LAPTOP-MKB27PE1" failures="0" tests="5" name="restassuredTest.Demo6_BasicValidations_XML" time="3.563" errors="0" timestamp="2023-04-29T10:23:29 IST" skipped="0">
  <testcase classname="restassuredTest.Demo6_BasicValidations_XML" name="testSingleContent" time="1.872"/>
  <system-out/>
  <testcase classname="restassuredTest.Demo6_BasicValidations_XML" name="testMultipleContents" time="0.489"/>
  <system-out/>
  <testcase classname="restassuredTest.Demo6_BasicValidations_XML" name="testMultipleContentsInOneGo" time="0.406"/>
  <system-out/>
  <testcase classname="restassuredTest.Demo6_BasicValidations_XML" name="testUsingXpath1" time="0.420"/>
  <system-out/>
  <testcase classname="restassuredTest.Demo6_BasicValidations_XML" name="testUsingXpath2" time="0.376"/>
  <system-out/>
</testsuite> <!-- restassuredTest.Demo6_BasicValidations_XML -->
