<?xml version="1.0" encoding="UTF-8"?>
<!-- Generated by org.testng.reporters.JUnitReportReporter -->
<testsuite hostname="LAPTOP-MKB27PE1" failures="0" tests="1" name="restassuredTest.Demo3_PUT_Request" time="1.740" errors="0" timestamp="2023-04-22T22:41:21 IST" skipped="0">
  <testcase classname="restassuredTest.Demo3_PUT_Request" name="testPost" time="1.740"/>
  <system-out/>
</testsuite> <!-- restassuredTest.Demo3_PUT_Request -->
